ABCDF
os_start: Entry
mm_initialize: Heap: start=101bae size=1041490
mm_addregion: Region 1: base=101bae size=1041488
mm_malloc: Allocated 1031a0, size 80
mm_malloc: Allocated 1031f0, size 80
mm_malloc: Allocated 103240, size 80
os_bringup: Starting init thread
mm_malloc: Allocated 103290, size 256
mm_malloc: Allocated 103390, size 1120
mm_malloc: Allocated 1037f0, size 80
mm_malloc: Allocated 103840, size 80
mm_malloc: Allocated 103890, size 80
mm_malloc: Allocated 1038e0, size 2064
up_trap0: TRAP0 Entry: regs: 101aae cmd: 2
up_trap0:   D0: 00000002 001000ac 00103304 00000000 00000000 00000000 00000000 00000000
up_trap0:   A0: 00103290 00103290 00103290 00100038 00000000 00000000 00101b86 00101af6
up_trap0:   SR: 00802700  PC: 00004f94
up_trap0: TRAP0 Return:
up_trap0:   D0: 00000000 00000000 00000000 00000000 00000000 00000000 00000000 00000000
up_trap0:   A0: 00000000 00000000 00000000 00000000 00000000 00000000 00000000 001040e0
up_trap0:   SR: 00000000  PC: 00000d68
stdio_test: write fd=1
stdio_test: Standard I/O Check: printf
stdio_test: write fd=2
stdio_test: Standard I/O Check: fprintf to stderr
ostest_main: putenv(Variable1=BadValue3)
mm_malloc: Allocated 1040f0, size 32
mm_malloc: Allocated 104110, size 32
mm_free: Freeing 1040f0
ostest_main: setenv(Variable1, GoodValue1, TRUE)
ostest_main: setenv(Variable2, BadValue1, FALSE)
ostest_main: setenv(Variable2, GoodValue2, TRUE)
ostest_main: setenv(Variable3, Variable3, FALSE)
ostest_main: setenv(Variable3, Variable3, FALSE)
show_variable: Variable=Variable1 has value=GoodValue1
show_variable: Variable=Variable2 has value=GoodValue2
show_variable: Variable=Variable3 has value=GoodValue3
mm_malloc: Allocated 104140, size 256
mm_malloc: Allocated 104240, size 1120
mm_malloc: Allocated 1046a0, size 80
mm_malloc: Allocated 1046f0, size 80
mm_malloc: Allocated 104740, size 80
mm_malloc: Allocated 104790, size 80
mm_malloc: Allocated 1047e0, size 8208
ostest_main: Started user_main at PID=2
ostest_main: Exiting
sig_tcbdispatch: TCB=0x00100038 signo=4 code=5 value=0 mask=00000000
up_schedule_sigaction: tcb=0x100038 sigdeliver=0x1cb4
up_schedule_sigaction: rtcb=0x103290 current_regs=0x0
pthread_release: group=0x103390
_exit: TCB=103290 exitting
mm_free: Freeing 1038e0
mm_free: Freeing 103290
up_trap0: TRAP0 Entry: regs: 101aae cmd: 1
up_trap0:   D0: 00000001 001041b4 00000000 00000000 00000000 00000000 00000000 00000000
up_trap0:   A0: 00104140 00100a4a 00100738 00000000 00000000 00000000 00000000 0010409c
up_trap0:   SR: 00800700  PC: 00004f84
up_trap0: TRAP0 Return:
up_trap0:   D0: 00000000 00000000 00000000 00000000 00000000 00000000 00000000 00000000
up_trap0:   A0: 00000000 00000000 00000000 00000000 00000000 00000000 00000000 001067e0
up_trap0:   SR: 00000000  PC: 00000d68
up_trap0: TRAP0 Entry: regs: 101aae cmd: 2
up_trap0:   D0: 00000002 001041b4 001000ac 00000032 00000000 00000000 0010676c 00000700
up_trap0:   A0: 00100750 00104140 00104140 0010678c 00106764 00000000 00106734 001066ec
up_trap0:   SR: 00800700  PC: 00004f94
up_trap0: TRAP0 Return:
up_trap0:   D0: 00000002 001000ac 00103304 00000000 00000000 00000000 00000000 00000000
up_trap0:   A0: 00103290 00103290 00103290 00100038 00000000 00000000 00101b86 00101af6
up_trap0:   SR: 00000700  PC: 00004dc4
up_sigdeliver: rtcb=100038 sigdeliver=1cb4 sigpendactionq.head=0
up_sigdeliver: Resuming
up_trap0: TRAP0 Entry: regs: 101aae cmd: 1
up_trap0:   D0: 00000001 00101aaa 00000016 00000700 00000000 00000000 00000000 00000000
up_trap0:   A0: 000039c8 0000a390 00100038 00002a46 00000000 